{"C:\\Users\\Carmo\\OneDrive\\Desktop\\Proyecto SENA\\Gestión de Inventarios_v6\\server.js": {"path":"C:\\Users\\Carmo\\OneDrive\\Desktop\\Proyecto SENA\\Gestión de Inventarios_v6\\server.js","statementMap":{"0":{"start":{"line":5,"column":16},"end":{"line":5,"column":34}},"1":{"start":{"line":6,"column":13},"end":{"line":6,"column":28}},"2":{"start":{"line":7,"column":11},"end":{"line":7,"column":33}},"3":{"start":{"line":8,"column":15},"end":{"line":8,"column":32}},"4":{"start":{"line":9,"column":12},"end":{"line":9,"column":21}},"5":{"start":{"line":10,"column":13},"end":{"line":10,"column":37}},"6":{"start":{"line":13,"column":17},"end":{"line":13,"column":45}},"7":{"start":{"line":14,"column":19},"end":{"line":14,"column":52}},"8":{"start":{"line":15,"column":23},"end":{"line":15,"column":60}},"9":{"start":{"line":16,"column":22},"end":{"line":16,"column":58}},"10":{"start":{"line":17,"column":25},"end":{"line":17,"column":64}},"11":{"start":{"line":18,"column":20},"end":{"line":18,"column":54}},"12":{"start":{"line":25,"column":0},"end":{"line":25,"column":24}},"13":{"start":{"line":28,"column":0},"end":{"line":31,"column":3}},"14":{"start":{"line":29,"column":2},"end":{"line":29,"column":72}},"15":{"start":{"line":30,"column":2},"end":{"line":30,"column":9}},"16":{"start":{"line":34,"column":0},"end":{"line":40,"column":3}},"17":{"start":{"line":35,"column":2},"end":{"line":35,"column":52}},"18":{"start":{"line":36,"column":2},"end":{"line":36,"column":79}},"19":{"start":{"line":37,"column":2},"end":{"line":37,"column":79}},"20":{"start":{"line":38,"column":2},"end":{"line":38,"column":59}},"21":{"start":{"line":38,"column":32},"end":{"line":38,"column":59}},"22":{"start":{"line":39,"column":2},"end":{"line":39,"column":9}},"23":{"start":{"line":52,"column":2},"end":{"line":52,"column":68}},"24":{"start":{"line":63,"column":2},"end":{"line":68,"column":3}},"25":{"start":{"line":64,"column":17},"end":{"line":64,"column":52}},"26":{"start":{"line":65,"column":4},"end":{"line":65,"column":62}},"27":{"start":{"line":67,"column":4},"end":{"line":67,"column":26}},"28":{"start":{"line":78,"column":2},"end":{"line":78,"column":70}},"29":{"start":{"line":90,"column":0},"end":{"line":121,"column":3}},"30":{"start":{"line":91,"column":60},"end":{"line":91,"column":74}},"31":{"start":{"line":94,"column":2},"end":{"line":96,"column":3}},"32":{"start":{"line":95,"column":4},"end":{"line":95,"column":90}},"33":{"start":{"line":98,"column":16},"end":{"line":98,"column":46}},"34":{"start":{"line":101,"column":17},"end":{"line":101,"column":93}},"35":{"start":{"line":101,"column":33},"end":{"line":101,"column":92}},"36":{"start":{"line":102,"column":2},"end":{"line":104,"column":3}},"37":{"start":{"line":103,"column":4},"end":{"line":103,"column":94}},"38":{"start":{"line":107,"column":18},"end":{"line":115,"column":3}},"39":{"start":{"line":117,"column":2},"end":{"line":117,"column":22}},"40":{"start":{"line":118,"column":2},"end":{"line":118,"column":37}},"41":{"start":{"line":120,"column":2},"end":{"line":120,"column":83}},"42":{"start":{"line":128,"column":0},"end":{"line":150,"column":3}},"43":{"start":{"line":129,"column":30},"end":{"line":129,"column":44}},"44":{"start":{"line":132,"column":2},"end":{"line":134,"column":3}},"45":{"start":{"line":133,"column":4},"end":{"line":133,"column":79}},"46":{"start":{"line":136,"column":16},"end":{"line":136,"column":46}},"47":{"start":{"line":137,"column":15},"end":{"line":137,"column":72}},"48":{"start":{"line":137,"column":31},"end":{"line":137,"column":71}},"49":{"start":{"line":139,"column":2},"end":{"line":141,"column":3}},"50":{"start":{"line":140,"column":4},"end":{"line":140,"column":87}},"51":{"start":{"line":144,"column":2},"end":{"line":147,"column":3}},"52":{"start":{"line":145,"column":21},"end":{"line":145,"column":78}},"53":{"start":{"line":146,"column":4},"end":{"line":146,"column":82}},"54":{"start":{"line":149,"column":2},"end":{"line":149,"column":85}},"55":{"start":{"line":156,"column":0},"end":{"line":159,"column":3}},"56":{"start":{"line":157,"column":16},"end":{"line":157,"column":46}},"57":{"start":{"line":158,"column":2},"end":{"line":158,"column":47}},"58":{"start":{"line":169,"column":0},"end":{"line":172,"column":3}},"59":{"start":{"line":170,"column":15},"end":{"line":170,"column":64}},"60":{"start":{"line":171,"column":2},"end":{"line":171,"column":27}},"61":{"start":{"line":179,"column":0},"end":{"line":195,"column":3}},"62":{"start":{"line":180,"column":24},"end":{"line":180,"column":32}},"63":{"start":{"line":183,"column":2},"end":{"line":185,"column":3}},"64":{"start":{"line":184,"column":4},"end":{"line":184,"column":96}},"65":{"start":{"line":188,"column":2},"end":{"line":188,"column":55}},"66":{"start":{"line":188,"column":25},"end":{"line":188,"column":55}},"67":{"start":{"line":190,"column":15},"end":{"line":190,"column":64}},"68":{"start":{"line":191,"column":2},"end":{"line":191,"column":37}},"69":{"start":{"line":192,"column":2},"end":{"line":192,"column":40}},"70":{"start":{"line":194,"column":2},"end":{"line":194,"column":87}},"71":{"start":{"line":205,"column":0},"end":{"line":208,"column":3}},"72":{"start":{"line":206,"column":15},"end":{"line":206,"column":62}},"73":{"start":{"line":207,"column":2},"end":{"line":207,"column":26}},"74":{"start":{"line":215,"column":0},"end":{"line":231,"column":3}},"75":{"start":{"line":216,"column":23},"end":{"line":216,"column":31}},"76":{"start":{"line":219,"column":2},"end":{"line":221,"column":3}},"77":{"start":{"line":220,"column":4},"end":{"line":220,"column":95}},"78":{"start":{"line":224,"column":2},"end":{"line":224,"column":53}},"79":{"start":{"line":224,"column":24},"end":{"line":224,"column":53}},"80":{"start":{"line":226,"column":15},"end":{"line":226,"column":62}},"81":{"start":{"line":227,"column":2},"end":{"line":227,"column":35}},"82":{"start":{"line":228,"column":2},"end":{"line":228,"column":39}},"83":{"start":{"line":230,"column":2},"end":{"line":230,"column":86}},"84":{"start":{"line":241,"column":0},"end":{"line":244,"column":3}},"85":{"start":{"line":242,"column":15},"end":{"line":242,"column":68}},"86":{"start":{"line":243,"column":2},"end":{"line":243,"column":29}},"87":{"start":{"line":251,"column":0},"end":{"line":267,"column":3}},"88":{"start":{"line":252,"column":25},"end":{"line":252,"column":33}},"89":{"start":{"line":255,"column":2},"end":{"line":257,"column":3}},"90":{"start":{"line":256,"column":4},"end":{"line":256,"column":97}},"91":{"start":{"line":260,"column":2},"end":{"line":260,"column":57}},"92":{"start":{"line":260,"column":26},"end":{"line":260,"column":57}},"93":{"start":{"line":262,"column":15},"end":{"line":262,"column":68}},"94":{"start":{"line":263,"column":2},"end":{"line":263,"column":40}},"95":{"start":{"line":264,"column":2},"end":{"line":264,"column":42}},"96":{"start":{"line":266,"column":2},"end":{"line":266,"column":88}},"97":{"start":{"line":277,"column":0},"end":{"line":280,"column":3}},"98":{"start":{"line":278,"column":15},"end":{"line":278,"column":58}},"99":{"start":{"line":279,"column":2},"end":{"line":279,"column":24}},"100":{"start":{"line":288,"column":0},"end":{"line":305,"column":3}},"101":{"start":{"line":289,"column":21},"end":{"line":289,"column":29}},"102":{"start":{"line":292,"column":2},"end":{"line":294,"column":3}},"103":{"start":{"line":293,"column":4},"end":{"line":293,"column":95}},"104":{"start":{"line":296,"column":2},"end":{"line":296,"column":49}},"105":{"start":{"line":296,"column":22},"end":{"line":296,"column":49}},"106":{"start":{"line":299,"column":2},"end":{"line":299,"column":69}},"107":{"start":{"line":299,"column":25},"end":{"line":299,"column":69}},"108":{"start":{"line":300,"column":15},"end":{"line":300,"column":58}},"109":{"start":{"line":301,"column":2},"end":{"line":301,"column":31}},"110":{"start":{"line":302,"column":2},"end":{"line":302,"column":37}},"111":{"start":{"line":304,"column":2},"end":{"line":304,"column":86}},"112":{"start":{"line":311,"column":0},"end":{"line":331,"column":3}},"113":{"start":{"line":312,"column":17},"end":{"line":312,"column":27}},"114":{"start":{"line":313,"column":27},"end":{"line":313,"column":35}},"115":{"start":{"line":315,"column":2},"end":{"line":317,"column":3}},"116":{"start":{"line":316,"column":4},"end":{"line":316,"column":95}},"117":{"start":{"line":319,"column":15},"end":{"line":319,"column":58}},"118":{"start":{"line":320,"column":16},"end":{"line":320,"column":54}},"119":{"start":{"line":320,"column":43},"end":{"line":320,"column":53}},"120":{"start":{"line":322,"column":2},"end":{"line":324,"column":3}},"121":{"start":{"line":323,"column":4},"end":{"line":323,"column":85}},"122":{"start":{"line":327,"column":2},"end":{"line":327,"column":86}},"123":{"start":{"line":328,"column":2},"end":{"line":328,"column":37}},"124":{"start":{"line":330,"column":2},"end":{"line":330,"column":75}},"125":{"start":{"line":338,"column":0},"end":{"line":338,"column":56}},"126":{"start":{"line":344,"column":0},"end":{"line":346,"column":3}},"127":{"start":{"line":345,"column":2},"end":{"line":345,"column":57}},"128":{"start":{"line":352,"column":0},"end":{"line":354,"column":3}},"129":{"start":{"line":353,"column":2},"end":{"line":353,"column":61}},"130":{"start":{"line":364,"column":0},"end":{"line":369,"column":3}},"131":{"start":{"line":365,"column":2},"end":{"line":365,"column":61}},"132":{"start":{"line":366,"column":2},"end":{"line":366,"column":40}},"133":{"start":{"line":367,"column":2},"end":{"line":367,"column":51}},"134":{"start":{"line":368,"column":2},"end":{"line":368,"column":59}}},"fnMap":{"0":{"name":"(anonymous_0)","decl":{"start":{"line":28,"column":8},"end":{"line":28,"column":9}},"loc":{"start":{"line":28,"column":28},"end":{"line":31,"column":1}},"line":28},"1":{"name":"(anonymous_1)","decl":{"start":{"line":34,"column":8},"end":{"line":34,"column":9}},"loc":{"start":{"line":34,"column":28},"end":{"line":40,"column":1}},"line":34},"2":{"name":"hashPassword","decl":{"start":{"line":51,"column":9},"end":{"line":51,"column":21}},"loc":{"start":{"line":51,"column":32},"end":{"line":53,"column":1}},"line":51},"3":{"name":"readFile","decl":{"start":{"line":62,"column":15},"end":{"line":62,"column":23}},"loc":{"start":{"line":62,"column":50},"end":{"line":69,"column":1}},"line":62},"4":{"name":"writeFile","decl":{"start":{"line":77,"column":15},"end":{"line":77,"column":24}},"loc":{"start":{"line":77,"column":41},"end":{"line":79,"column":1}},"line":77},"5":{"name":"(anonymous_5)","decl":{"start":{"line":90,"column":26},"end":{"line":90,"column":27}},"loc":{"start":{"line":90,"column":46},"end":{"line":121,"column":1}},"line":90},"6":{"name":"(anonymous_6)","decl":{"start":{"line":101,"column":28},"end":{"line":101,"column":29}},"loc":{"start":{"line":101,"column":33},"end":{"line":101,"column":92}},"line":101},"7":{"name":"(anonymous_7)","decl":{"start":{"line":128,"column":23},"end":{"line":128,"column":24}},"loc":{"start":{"line":128,"column":43},"end":{"line":150,"column":1}},"line":128},"8":{"name":"(anonymous_8)","decl":{"start":{"line":137,"column":26},"end":{"line":137,"column":27}},"loc":{"start":{"line":137,"column":31},"end":{"line":137,"column":71}},"line":137},"9":{"name":"(anonymous_9)","decl":{"start":{"line":156,"column":22},"end":{"line":156,"column":23}},"loc":{"start":{"line":156,"column":42},"end":{"line":159,"column":1}},"line":156},"10":{"name":"(anonymous_10)","decl":{"start":{"line":169,"column":26},"end":{"line":169,"column":27}},"loc":{"start":{"line":169,"column":46},"end":{"line":172,"column":1}},"line":169},"11":{"name":"(anonymous_11)","decl":{"start":{"line":179,"column":27},"end":{"line":179,"column":28}},"loc":{"start":{"line":179,"column":47},"end":{"line":195,"column":1}},"line":179},"12":{"name":"(anonymous_12)","decl":{"start":{"line":205,"column":25},"end":{"line":205,"column":26}},"loc":{"start":{"line":205,"column":45},"end":{"line":208,"column":1}},"line":205},"13":{"name":"(anonymous_13)","decl":{"start":{"line":215,"column":26},"end":{"line":215,"column":27}},"loc":{"start":{"line":215,"column":46},"end":{"line":231,"column":1}},"line":215},"14":{"name":"(anonymous_14)","decl":{"start":{"line":241,"column":28},"end":{"line":241,"column":29}},"loc":{"start":{"line":241,"column":48},"end":{"line":244,"column":1}},"line":241},"15":{"name":"(anonymous_15)","decl":{"start":{"line":251,"column":29},"end":{"line":251,"column":30}},"loc":{"start":{"line":251,"column":49},"end":{"line":267,"column":1}},"line":251},"16":{"name":"(anonymous_16)","decl":{"start":{"line":277,"column":23},"end":{"line":277,"column":24}},"loc":{"start":{"line":277,"column":43},"end":{"line":280,"column":1}},"line":277},"17":{"name":"(anonymous_17)","decl":{"start":{"line":288,"column":24},"end":{"line":288,"column":25}},"loc":{"start":{"line":288,"column":44},"end":{"line":305,"column":1}},"line":288},"18":{"name":"(anonymous_18)","decl":{"start":{"line":311,"column":27},"end":{"line":311,"column":28}},"loc":{"start":{"line":311,"column":47},"end":{"line":331,"column":1}},"line":311},"19":{"name":"(anonymous_19)","decl":{"start":{"line":320,"column":38},"end":{"line":320,"column":39}},"loc":{"start":{"line":320,"column":43},"end":{"line":320,"column":53}},"line":320},"20":{"name":"(anonymous_20)","decl":{"start":{"line":344,"column":17},"end":{"line":344,"column":18}},"loc":{"start":{"line":344,"column":31},"end":{"line":346,"column":1}},"line":344},"21":{"name":"(anonymous_21)","decl":{"start":{"line":352,"column":13},"end":{"line":352,"column":14}},"loc":{"start":{"line":352,"column":27},"end":{"line":354,"column":1}},"line":352},"22":{"name":"(anonymous_22)","decl":{"start":{"line":364,"column":28},"end":{"line":364,"column":29}},"loc":{"start":{"line":364,"column":34},"end":{"line":369,"column":1}},"line":364}},"branchMap":{"0":{"loc":{"start":{"line":10,"column":13},"end":{"line":10,"column":37}},"type":"binary-expr","locations":[{"start":{"line":10,"column":13},"end":{"line":10,"column":29}},{"start":{"line":10,"column":33},"end":{"line":10,"column":37}}],"line":10},"1":{"loc":{"start":{"line":38,"column":2},"end":{"line":38,"column":59}},"type":"if","locations":[{"start":{"line":38,"column":2},"end":{"line":38,"column":59}},{"start":{},"end":{}}],"line":38},"2":{"loc":{"start":{"line":65,"column":22},"end":{"line":65,"column":60}},"type":"binary-expr","locations":[{"start":{"line":65,"column":22},"end":{"line":65,"column":26}},{"start":{"line":65,"column":30},"end":{"line":65,"column":60}}],"line":65},"3":{"loc":{"start":{"line":91,"column":60},"end":{"line":91,"column":74}},"type":"binary-expr","locations":[{"start":{"line":91,"column":60},"end":{"line":91,"column":68}},{"start":{"line":91,"column":72},"end":{"line":91,"column":74}}],"line":91},"4":{"loc":{"start":{"line":94,"column":2},"end":{"line":96,"column":3}},"type":"if","locations":[{"start":{"line":94,"column":2},"end":{"line":96,"column":3}},{"start":{},"end":{}}],"line":94},"5":{"loc":{"start":{"line":94,"column":6},"end":{"line":94,"column":64}},"type":"binary-expr","locations":[{"start":{"line":94,"column":6},"end":{"line":94,"column":13}},{"start":{"line":94,"column":17},"end":{"line":94,"column":27}},{"start":{"line":94,"column":31},"end":{"line":94,"column":38}},{"start":{"line":94,"column":42},"end":{"line":94,"column":51}},{"start":{"line":94,"column":55},"end":{"line":94,"column":64}}],"line":94},"6":{"loc":{"start":{"line":101,"column":33},"end":{"line":101,"column":92}},"type":"binary-expr","locations":[{"start":{"line":101,"column":33},"end":{"line":101,"column":41}},{"start":{"line":101,"column":45},"end":{"line":101,"column":92}}],"line":101},"7":{"loc":{"start":{"line":102,"column":2},"end":{"line":104,"column":3}},"type":"if","locations":[{"start":{"line":102,"column":2},"end":{"line":104,"column":3}},{"start":{},"end":{}}],"line":102},"8":{"loc":{"start":{"line":129,"column":30},"end":{"line":129,"column":44}},"type":"binary-expr","locations":[{"start":{"line":129,"column":30},"end":{"line":129,"column":38}},{"start":{"line":129,"column":42},"end":{"line":129,"column":44}}],"line":129},"9":{"loc":{"start":{"line":132,"column":2},"end":{"line":134,"column":3}},"type":"if","locations":[{"start":{"line":132,"column":2},"end":{"line":134,"column":3}},{"start":{},"end":{}}],"line":132},"10":{"loc":{"start":{"line":132,"column":6},"end":{"line":132,"column":25}},"type":"binary-expr","locations":[{"start":{"line":132,"column":6},"end":{"line":132,"column":12}},{"start":{"line":132,"column":16},"end":{"line":132,"column":25}}],"line":132},"11":{"loc":{"start":{"line":137,"column":45},"end":{"line":137,"column":56}},"type":"binary-expr","locations":[{"start":{"line":137,"column":45},"end":{"line":137,"column":50}},{"start":{"line":137,"column":54},"end":{"line":137,"column":56}}],"line":137},"12":{"loc":{"start":{"line":139,"column":2},"end":{"line":141,"column":3}},"type":"if","locations":[{"start":{"line":139,"column":2},"end":{"line":141,"column":3}},{"start":{},"end":{}}],"line":139},"13":{"loc":{"start":{"line":144,"column":2},"end":{"line":147,"column":3}},"type":"if","locations":[{"start":{"line":144,"column":2},"end":{"line":147,"column":3}},{"start":{},"end":{}}],"line":144},"14":{"loc":{"start":{"line":183,"column":2},"end":{"line":185,"column":3}},"type":"if","locations":[{"start":{"line":183,"column":2},"end":{"line":185,"column":3}},{"start":{},"end":{}}],"line":183},"15":{"loc":{"start":{"line":183,"column":6},"end":{"line":183,"column":45}},"type":"binary-expr","locations":[{"start":{"line":183,"column":6},"end":{"line":183,"column":20}},{"start":{"line":183,"column":24},"end":{"line":183,"column":45}}],"line":183},"16":{"loc":{"start":{"line":188,"column":2},"end":{"line":188,"column":55}},"type":"if","locations":[{"start":{"line":188,"column":2},"end":{"line":188,"column":55}},{"start":{},"end":{}}],"line":188},"17":{"loc":{"start":{"line":219,"column":2},"end":{"line":221,"column":3}},"type":"if","locations":[{"start":{"line":219,"column":2},"end":{"line":221,"column":3}},{"start":{},"end":{}}],"line":219},"18":{"loc":{"start":{"line":219,"column":6},"end":{"line":219,"column":43}},"type":"binary-expr","locations":[{"start":{"line":219,"column":6},"end":{"line":219,"column":19}},{"start":{"line":219,"column":23},"end":{"line":219,"column":43}}],"line":219},"19":{"loc":{"start":{"line":224,"column":2},"end":{"line":224,"column":53}},"type":"if","locations":[{"start":{"line":224,"column":2},"end":{"line":224,"column":53}},{"start":{},"end":{}}],"line":224},"20":{"loc":{"start":{"line":255,"column":2},"end":{"line":257,"column":3}},"type":"if","locations":[{"start":{"line":255,"column":2},"end":{"line":257,"column":3}},{"start":{},"end":{}}],"line":255},"21":{"loc":{"start":{"line":255,"column":6},"end":{"line":255,"column":47}},"type":"binary-expr","locations":[{"start":{"line":255,"column":6},"end":{"line":255,"column":21}},{"start":{"line":255,"column":25},"end":{"line":255,"column":47}}],"line":255},"22":{"loc":{"start":{"line":260,"column":2},"end":{"line":260,"column":57}},"type":"if","locations":[{"start":{"line":260,"column":2},"end":{"line":260,"column":57}},{"start":{},"end":{}}],"line":260},"23":{"loc":{"start":{"line":292,"column":2},"end":{"line":294,"column":3}},"type":"if","locations":[{"start":{"line":292,"column":2},"end":{"line":294,"column":3}},{"start":{},"end":{}}],"line":292},"24":{"loc":{"start":{"line":292,"column":6},"end":{"line":292,"column":38}},"type":"binary-expr","locations":[{"start":{"line":292,"column":6},"end":{"line":292,"column":17}},{"start":{"line":292,"column":21},"end":{"line":292,"column":38}}],"line":292},"25":{"loc":{"start":{"line":296,"column":2},"end":{"line":296,"column":49}},"type":"if","locations":[{"start":{"line":296,"column":2},"end":{"line":296,"column":49}},{"start":{},"end":{}}],"line":296},"26":{"loc":{"start":{"line":299,"column":2},"end":{"line":299,"column":69}},"type":"if","locations":[{"start":{"line":299,"column":2},"end":{"line":299,"column":69}},{"start":{},"end":{}}],"line":299},"27":{"loc":{"start":{"line":315,"column":2},"end":{"line":317,"column":3}},"type":"if","locations":[{"start":{"line":315,"column":2},"end":{"line":317,"column":3}},{"start":{},"end":{}}],"line":315},"28":{"loc":{"start":{"line":315,"column":6},"end":{"line":315,"column":50}},"type":"binary-expr","locations":[{"start":{"line":315,"column":6},"end":{"line":315,"column":23}},{"start":{"line":315,"column":27},"end":{"line":315,"column":50}}],"line":315},"29":{"loc":{"start":{"line":322,"column":2},"end":{"line":324,"column":3}},"type":"if","locations":[{"start":{"line":322,"column":2},"end":{"line":324,"column":3}},{"start":{},"end":{}}],"line":322}},"s":{"0":0,"1":0,"2":0,"3":0,"4":0,"5":0,"6":0,"7":0,"8":0,"9":0,"10":0,"11":0,"12":0,"13":0,"14":0,"15":0,"16":0,"17":0,"18":0,"19":0,"20":0,"21":0,"22":0,"23":0,"24":0,"25":0,"26":0,"27":0,"28":0,"29":0,"30":0,"31":0,"32":0,"33":0,"34":0,"35":0,"36":0,"37":0,"38":0,"39":0,"40":0,"41":0,"42":0,"43":0,"44":0,"45":0,"46":0,"47":0,"48":0,"49":0,"50":0,"51":0,"52":0,"53":0,"54":0,"55":0,"56":0,"57":0,"58":0,"59":0,"60":0,"61":0,"62":0,"63":0,"64":0,"65":0,"66":0,"67":0,"68":0,"69":0,"70":0,"71":0,"72":0,"73":0,"74":0,"75":0,"76":0,"77":0,"78":0,"79":0,"80":0,"81":0,"82":0,"83":0,"84":0,"85":0,"86":0,"87":0,"88":0,"89":0,"90":0,"91":0,"92":0,"93":0,"94":0,"95":0,"96":0,"97":0,"98":0,"99":0,"100":0,"101":0,"102":0,"103":0,"104":0,"105":0,"106":0,"107":0,"108":0,"109":0,"110":0,"111":0,"112":0,"113":0,"114":0,"115":0,"116":0,"117":0,"118":0,"119":0,"120":0,"121":0,"122":0,"123":0,"124":0,"125":0,"126":0,"127":0,"128":0,"129":0,"130":0,"131":0,"132":0,"133":0,"134":0},"f":{"0":0,"1":0,"2":0,"3":0,"4":0,"5":0,"6":0,"7":0,"8":0,"9":0,"10":0,"11":0,"12":0,"13":0,"14":0,"15":0,"16":0,"17":0,"18":0,"19":0,"20":0,"21":0,"22":0},"b":{"0":[0,0],"1":[0,0],"2":[0,0],"3":[0,0],"4":[0,0],"5":[0,0,0,0,0],"6":[0,0],"7":[0,0],"8":[0,0],"9":[0,0],"10":[0,0],"11":[0,0],"12":[0,0],"13":[0,0],"14":[0,0],"15":[0,0],"16":[0,0],"17":[0,0],"18":[0,0],"19":[0,0],"20":[0,0],"21":[0,0],"22":[0,0],"23":[0,0],"24":[0,0],"25":[0,0],"26":[0,0],"27":[0,0],"28":[0,0],"29":[0,0]}}
}
