TN:
SF:server.js
FN:28,(anonymous_0)
FN:34,(anonymous_1)
FN:51,hashPassword
FN:62,readFile
FN:77,writeFile
FN:90,(anonymous_5)
FN:101,(anonymous_6)
FN:128,(anonymous_7)
FN:137,(anonymous_8)
FN:156,(anonymous_9)
FN:169,(anonymous_10)
FN:179,(anonymous_11)
FN:205,(anonymous_12)
FN:215,(anonymous_13)
FN:241,(anonymous_14)
FN:251,(anonymous_15)
FN:277,(anonymous_16)
FN:288,(anonymous_17)
FN:311,(anonymous_18)
FN:320,(anonymous_19)
FN:344,(anonymous_20)
FN:352,(anonymous_21)
FN:364,(anonymous_22)
FNF:23
FNH:0
FNDA:0,(anonymous_0)
FNDA:0,(anonymous_1)
FNDA:0,hashPassword
FNDA:0,readFile
FNDA:0,writeFile
FNDA:0,(anonymous_5)
FNDA:0,(anonymous_6)
FNDA:0,(anonymous_7)
FNDA:0,(anonymous_8)
FNDA:0,(anonymous_9)
FNDA:0,(anonymous_10)
FNDA:0,(anonymous_11)
FNDA:0,(anonymous_12)
FNDA:0,(anonymous_13)
FNDA:0,(anonymous_14)
FNDA:0,(anonymous_15)
FNDA:0,(anonymous_16)
FNDA:0,(anonymous_17)
FNDA:0,(anonymous_18)
FNDA:0,(anonymous_19)
FNDA:0,(anonymous_20)
FNDA:0,(anonymous_21)
FNDA:0,(anonymous_22)
DA:5,0
DA:6,0
DA:7,0
DA:8,0
DA:9,0
DA:10,0
DA:13,0
DA:14,0
DA:15,0
DA:16,0
DA:17,0
DA:18,0
DA:25,0
DA:28,0
DA:29,0
DA:30,0
DA:34,0
DA:35,0
DA:36,0
DA:37,0
DA:38,0
DA:39,0
DA:52,0
DA:63,0
DA:64,0
DA:65,0
DA:67,0
DA:78,0
DA:90,0
DA:91,0
DA:94,0
DA:95,0
DA:98,0
DA:101,0
DA:102,0
DA:103,0
DA:107,0
DA:117,0
DA:118,0
DA:120,0
DA:128,0
DA:129,0
DA:132,0
DA:133,0
DA:136,0
DA:137,0
DA:139,0
DA:140,0
DA:144,0
DA:145,0
DA:146,0
DA:149,0
DA:156,0
DA:157,0
DA:158,0
DA:169,0
DA:170,0
DA:171,0
DA:179,0
DA:180,0
DA:183,0
DA:184,0
DA:188,0
DA:190,0
DA:191,0
DA:192,0
DA:194,0
DA:205,0
DA:206,0
DA:207,0
DA:215,0
DA:216,0
DA:219,0
DA:220,0
DA:224,0
DA:226,0
DA:227,0
DA:228,0
DA:230,0
DA:241,0
DA:242,0
DA:243,0
DA:251,0
DA:252,0
DA:255,0
DA:256,0
DA:260,0
DA:262,0
DA:263,0
DA:264,0
DA:266,0
DA:277,0
DA:278,0
DA:279,0
DA:288,0
DA:289,0
DA:292,0
DA:293,0
DA:296,0
DA:299,0
DA:300,0
DA:301,0
DA:302,0
DA:304,0
DA:311,0
DA:312,0
DA:313,0
DA:315,0
DA:316,0
DA:319,0
DA:320,0
DA:322,0
DA:323,0
DA:327,0
DA:328,0
DA:330,0
DA:338,0
DA:344,0
DA:345,0
DA:352,0
DA:353,0
DA:364,0
DA:365,0
DA:366,0
DA:367,0
DA:368,0
LF:126
LH:0
BRDA:10,0,0,0
BRDA:10,0,1,0
BRDA:38,1,0,0
BRDA:38,1,1,0
BRDA:65,2,0,0
BRDA:65,2,1,0
BRDA:91,3,0,0
BRDA:91,3,1,0
BRDA:94,4,0,0
BRDA:94,4,1,0
BRDA:94,5,0,0
BRDA:94,5,1,0
BRDA:94,5,2,0
BRDA:94,5,3,0
BRDA:94,5,4,0
BRDA:101,6,0,0
BRDA:101,6,1,0
BRDA:102,7,0,0
BRDA:102,7,1,0
BRDA:129,8,0,0
BRDA:129,8,1,0
BRDA:132,9,0,0
BRDA:132,9,1,0
BRDA:132,10,0,0
BRDA:132,10,1,0
BRDA:137,11,0,0
BRDA:137,11,1,0
BRDA:139,12,0,0
BRDA:139,12,1,0
BRDA:144,13,0,0
BRDA:144,13,1,0
BRDA:183,14,0,0
BRDA:183,14,1,0
BRDA:183,15,0,0
BRDA:183,15,1,0
BRDA:188,16,0,0
BRDA:188,16,1,0
BRDA:219,17,0,0
BRDA:219,17,1,0
BRDA:219,18,0,0
BRDA:219,18,1,0
BRDA:224,19,0,0
BRDA:224,19,1,0
BRDA:255,20,0,0
BRDA:255,20,1,0
BRDA:255,21,0,0
BRDA:255,21,1,0
BRDA:260,22,0,0
BRDA:260,22,1,0
BRDA:292,23,0,0
BRDA:292,23,1,0
BRDA:292,24,0,0
BRDA:292,24,1,0
BRDA:296,25,0,0
BRDA:296,25,1,0
BRDA:299,26,0,0
BRDA:299,26,1,0
BRDA:315,27,0,0
BRDA:315,27,1,0
BRDA:315,28,0,0
BRDA:315,28,1,0
BRDA:322,29,0,0
BRDA:322,29,1,0
BRF:63
BRH:0
end_of_record
